<?xml version="1.0" encoding="UTF-8"?>
<testsuite name="com.piyal.ApplicationTest" tests="1" skipped="0" failures="0" errors="0" timestamp="2025-02-12T19:46:14" hostname="Secret-Admirer.local" time="0.014">
  <properties/>
  <testcase name="testItWorks()" classname="com.piyal.ApplicationTest" time="0.014"/>
  <system-out><![CDATA[?[36m11:46:14.091?[0;39m ?[1;30m[Test worker]?[0;39m ?[34mINFO ?[0;39m ?[35mi.m.c.DefaultApplicationContext$RuntimeConfiguredEnvironment?[0;39m - Established active environments: [test]
?[36m11:46:14.208?[0;39m ?[1;30m[Test worker]?[0;39m ?[34mINFO ?[0;39m ?[35mi.m.s.ObjectMappers$ObjectMapperContext$1?[0;39m - Established active environments: [test]
?[36m11:46:14.351?[0;39m ?[1;30m[Test worker]?[0;39m ?[34mINFO ?[0;39m ?[35mcom.zaxxer.hikari.HikariDataSource?[0;39m - HikariPool-1 - Starting...
?[36m11:46:14.528?[0;39m ?[1;30m[Test worker]?[0;39m ?[34mINFO ?[0;39m ?[35mcom.zaxxer.hikari.pool.HikariPool?[0;39m - HikariPool-1 - Added connection com.mysql.cj.jdbc.ConnectionImpl@329a1f8d
?[36m11:46:14.529?[0;39m ?[1;30m[Test worker]?[0;39m ?[34mINFO ?[0;39m ?[35mcom.zaxxer.hikari.HikariDataSource?[0;39m - HikariPool-1 - Start completed.
?[36m11:46:14.631?[0;39m ?[1;30m[Test worker]?[0;39m ?[34mINFO ?[0;39m ?[35mi.m.flyway.AbstractFlywayMigration?[0;39m - Running migrations for database with qualifier [default]
?[36m11:46:14.661?[0;39m ?[1;30m[Test worker]?[0;39m ?[34mINFO ?[0;39m ?[35morg.flywaydb.core.FlywayExecutor?[0;39m - Database: jdbc:mysql://localhost:3307/mn_playground (MySQL 8.0)
?[36m11:46:14.698?[0;39m ?[1;30m[Test worker]?[0;39m ?[34mINFO ?[0;39m ?[35mo.f.core.internal.command.DbValidate?[0;39m - Successfully validated 1 migration (execution time 00:00.017s)
?[36m11:46:14.711?[0;39m ?[1;30m[Test worker]?[0;39m ?[34mINFO ?[0;39m ?[35mo.f.core.internal.command.DbMigrate?[0;39m - Current version of schema `mn_playground`: 1
?[36m11:46:14.712?[0;39m ?[1;30m[Test worker]?[0;39m ?[34mINFO ?[0;39m ?[35mo.f.core.internal.command.DbMigrate?[0;39m - Schema `mn_playground` is up to date. No migration necessary.
?[36m11:46:14.932?[0;39m ?[1;30m[Test worker]?[0;39m ?[34mINFO ?[0;39m ?[35mcom.zaxxer.hikari.HikariDataSource?[0;39m - HikariPool-1 - Shutdown initiated...
?[36m11:46:14.948?[0;39m ?[1;30m[Test worker]?[0;39m ?[34mINFO ?[0;39m ?[35mcom.zaxxer.hikari.HikariDataSource?[0;39m - HikariPool-1 - Shutdown completed.
]]></system-out>
  <system-err><![CDATA[]]></system-err>
</testsuite>
