<?xml version="1.0" encoding="UTF-8"?>
<testsuite name="com.piyal.ApplicationTest" tests="1" skipped="0" failures="0" errors="0" timestamp="2025-02-12T20:08:30" hostname="Secret-Admirer.local" time="0.014">
  <properties/>
  <testcase name="testItWorks()" classname="com.piyal.ApplicationTest" time="0.014"/>
  <system-out><![CDATA[?[36m12:08:29.806?[0;39m ?[1;30m[Test worker]?[0;39m ?[34mINFO ?[0;39m ?[35mi.m.c.DefaultApplicationContext$RuntimeConfiguredEnvironment?[0;39m - Established active environments: [test]
?[36m12:08:29.907?[0;39m ?[1;30m[Test worker]?[0;39m ?[34mINFO ?[0;39m ?[35mi.m.s.ObjectMappers$ObjectMapperContext$1?[0;39m - Established active environments: [test]
?[36m12:08:30.041?[0;39m ?[1;30m[Test worker]?[0;39m ?[34mINFO ?[0;39m ?[35mcom.zaxxer.hikari.HikariDataSource?[0;39m - HikariPool-1 - Starting...
?[36m12:08:30.204?[0;39m ?[1;30m[Test worker]?[0;39m ?[34mINFO ?[0;39m ?[35mcom.zaxxer.hikari.pool.HikariPool?[0;39m - HikariPool-1 - Added connection com.mysql.cj.jdbc.ConnectionImpl@e042c99
?[36m12:08:30.205?[0;39m ?[1;30m[Test worker]?[0;39m ?[34mINFO ?[0;39m ?[35mcom.zaxxer.hikari.HikariDataSource?[0;39m - HikariPool-1 - Start completed.
?[36m12:08:30.296?[0;39m ?[1;30m[Test worker]?[0;39m ?[34mINFO ?[0;39m ?[35mi.m.flyway.AbstractFlywayMigration?[0;39m - Running migrations for database with qualifier [default]
?[36m12:08:30.324?[0;39m ?[1;30m[Test worker]?[0;39m ?[34mINFO ?[0;39m ?[35morg.flywaydb.core.FlywayExecutor?[0;39m - Database: jdbc:mysql://localhost:3307/mn_playground (MySQL 8.0)
?[36m12:08:30.359?[0;39m ?[1;30m[Test worker]?[0;39m ?[34mINFO ?[0;39m ?[35mo.f.core.internal.command.DbValidate?[0;39m - Successfully validated 1 migration (execution time 00:00.019s)
?[36m12:08:30.371?[0;39m ?[1;30m[Test worker]?[0;39m ?[34mINFO ?[0;39m ?[35mo.f.core.internal.command.DbMigrate?[0;39m - Current version of schema `mn_playground`: 1
?[36m12:08:30.373?[0;39m ?[1;30m[Test worker]?[0;39m ?[34mINFO ?[0;39m ?[35mo.f.core.internal.command.DbMigrate?[0;39m - Schema `mn_playground` is up to date. No migration necessary.
?[36m12:08:30.576?[0;39m ?[1;30m[Test worker]?[0;39m ?[34mINFO ?[0;39m ?[35mcom.zaxxer.hikari.HikariDataSource?[0;39m - HikariPool-1 - Shutdown initiated...
?[36m12:08:30.585?[0;39m ?[1;30m[Test worker]?[0;39m ?[34mINFO ?[0;39m ?[35mcom.zaxxer.hikari.HikariDataSource?[0;39m - HikariPool-1 - Shutdown completed.
]]></system-out>
  <system-err><![CDATA[]]></system-err>
</testsuite>
